  PlayerMovementComponent.cpp
  UbiGame.vcxproj -> C:\Users\Aritra Kar\Desktop\air-racing\cpp\HackersNest\Game\bin\x64\Debug\UbiGame.exe
  C:\Users\Aritra Kar\Desktop\air-racing\cpp\HackersNest\Game\Resources\fonts\arial.ttf
  C:\Users\Aritra Kar\Desktop\air-racing\cpp\HackersNest\Game\Resources\img\bg.png
  C:\Users\Aritra Kar\Desktop\air-racing\cpp\HackersNest\Game\Resources\img\car.png
  C:\Users\Aritra Kar\Desktop\air-racing\cpp\HackersNest\Game\Resources\img\car2.png
  C:\Users\Aritra Kar\Desktop\air-racing\cpp\HackersNest\Game\Resources\img\car_old.png
  C:\Users\Aritra Kar\Desktop\air-racing\cpp\HackersNest\Game\Resources\img\fireball.png
  C:\Users\Aritra Kar\Desktop\air-racing\cpp\HackersNest\Game\Resources\img\fireball_tileset.jfif
  C:\Users\Aritra Kar\Desktop\air-racing\cpp\HackersNest\Game\Resources\img\Flappy.png
  C:\Users\Aritra Kar\Desktop\air-racing\cpp\HackersNest\Game\Resources\img\particles.png
  C:\Users\Aritra Kar\Desktop\air-racing\cpp\HackersNest\Game\Resources\img\player.png
  C:\Users\Aritra Kar\Desktop\air-racing\cpp\HackersNest\Game\Resources\img\road.png
  C:\Users\Aritra Kar\Desktop\air-racing\cpp\HackersNest\Game\Resources\img\star.png
  C:\Users\Aritra Kar\Desktop\air-racing\cpp\HackersNest\Game\Resources\img\star2.png
  C:\Users\Aritra Kar\Desktop\air-racing\cpp\HackersNest\Game\Resources\img\tileset.png
  C:\Users\Aritra Kar\Desktop\air-racing\cpp\HackersNest\Game\Resources\snd\glassBreak.wav
  C:\Users\Aritra Kar\Desktop\air-racing\cpp\HackersNest\Game\Resources\snd\thunder.wav
  16 File(s) copied
  C:\Users\Aritra Kar\Desktop\air-racing\cpp\HackersNest\Game\..\SFML-2.5.0\bin\openal32.dll
  C:\Users\Aritra Kar\Desktop\air-racing\cpp\HackersNest\Game\..\SFML-2.5.0\bin\sfml-audio-2.dll
  C:\Users\Aritra Kar\Desktop\air-racing\cpp\HackersNest\Game\..\SFML-2.5.0\bin\sfml-audio-d-2.dll
  C:\Users\Aritra Kar\Desktop\air-racing\cpp\HackersNest\Game\..\SFML-2.5.0\bin\sfml-graphics-2.dll
  C:\Users\Aritra Kar\Desktop\air-racing\cpp\HackersNest\Game\..\SFML-2.5.0\bin\sfml-graphics-d-2.dll
  C:\Users\Aritra Kar\Desktop\air-racing\cpp\HackersNest\Game\..\SFML-2.5.0\bin\sfml-network-2.dll
  C:\Users\Aritra Kar\Desktop\air-racing\cpp\HackersNest\Game\..\SFML-2.5.0\bin\sfml-network-d-2.dll
  C:\Users\Aritra Kar\Desktop\air-racing\cpp\HackersNest\Game\..\SFML-2.5.0\bin\sfml-system-2.dll
  C:\Users\Aritra Kar\Desktop\air-racing\cpp\HackersNest\Game\..\SFML-2.5.0\bin\sfml-system-d-2.dll
  C:\Users\Aritra Kar\Desktop\air-racing\cpp\HackersNest\Game\..\SFML-2.5.0\bin\sfml-window-2.dll
  C:\Users\Aritra Kar\Desktop\air-racing\cpp\HackersNest\Game\..\SFML-2.5.0\bin\sfml-window-d-2.dll
  11 File(s) copied
