c:\users\aritra kar\desktop\air-racing\cpp\hackersnest\ubigame_flappbird\tmp\x64\debug\vc143.pdb
c:\users\aritra kar\desktop\air-racing\cpp\hackersnest\ubigame_flappbird\tmp\x64\debug\vc143.idb
c:\users\aritra kar\desktop\air-racing\cpp\hackersnest\ubigame_flappbird\tmp\x64\debug\rendercomponent.obj
c:\users\aritra kar\desktop\air-racing\cpp\hackersnest\ubigame_flappbird\tmp\x64\debug\gameboard.obj
c:\users\aritra kar\desktop\air-racing\cpp\hackersnest\ubigame_flappbird\tmp\x64\debug\playerentity.obj
c:\users\aritra kar\desktop\air-racing\cpp\hackersnest\ubigame_flappbird\tmp\x64\debug\playermovementcomponent.obj
c:\users\aritra kar\desktop\air-racing\cpp\hackersnest\ubigame_flappbird\tmp\x64\debug\obstacleentity.obj
c:\users\aritra kar\desktop\air-racing\cpp\hackersnest\ubigame_flappbird\tmp\x64\debug\soundmanager.obj
c:\users\aritra kar\desktop\air-racing\cpp\hackersnest\ubigame_flappbird\tmp\x64\debug\collisionmanager.obj
c:\users\aritra kar\desktop\air-racing\cpp\hackersnest\ubigame_flappbird\tmp\x64\debug\collidablecomponent.obj
c:\users\aritra kar\desktop\air-racing\cpp\hackersnest\ubigame_flappbird\tmp\x64\debug\collidablephysicscomponent.obj
c:\users\aritra kar\desktop\air-racing\cpp\hackersnest\ubigame_flappbird\tmp\x64\debug\animationcomponent.obj
c:\users\aritra kar\desktop\air-racing\cpp\hackersnest\ubigame_flappbird\tmp\x64\debug\animationmanager.obj
c:\users\aritra kar\desktop\air-racing\cpp\hackersnest\ubigame_flappbird\tmp\x64\debug\soundcomponent.obj
c:\users\aritra kar\desktop\air-racing\cpp\hackersnest\ubigame_flappbird\tmp\x64\debug\particleemittercomponent.obj
c:\users\aritra kar\desktop\air-racing\cpp\hackersnest\ubigame_flappbird\tmp\x64\debug\particlecomponent.obj
c:\users\aritra kar\desktop\air-racing\cpp\hackersnest\ubigame_flappbird\tmp\x64\debug\playersoundcomponent.obj
c:\users\aritra kar\desktop\air-racing\cpp\hackersnest\ubigame_flappbird\tmp\x64\debug\cameramanager.obj
c:\users\aritra kar\desktop\air-racing\cpp\hackersnest\ubigame_flappbird\tmp\x64\debug\playercameracomponent.obj
c:\users\aritra kar\desktop\air-racing\cpp\hackersnest\ubigame_flappbird\tmp\x64\debug\buttonmanager.obj
c:\users\aritra kar\desktop\air-racing\cpp\hackersnest\ubigame_flappbird\tmp\x64\debug\textrendercomponent.obj
c:\users\aritra kar\desktop\air-racing\cpp\hackersnest\ubigame_flappbird\tmp\x64\debug\buttoncomponent.obj
c:\users\aritra kar\desktop\air-racing\cpp\hackersnest\ubigame_flappbird\tmp\x64\debug\spriterendercomponent.obj
c:\users\aritra kar\desktop\air-racing\cpp\hackersnest\ubigame_flappbird\tmp\x64\debug\texturemanager.obj
c:\users\aritra kar\desktop\air-racing\cpp\hackersnest\ubigame_flappbird\tmp\x64\debug\gameenginemain.obj
c:\users\aritra kar\desktop\air-racing\cpp\hackersnest\ubigame_flappbird\tmp\x64\debug\entity.obj
c:\users\aritra kar\desktop\air-racing\cpp\hackersnest\ubigame_flappbird\tmp\x64\debug\main.obj
c:\users\aritra kar\desktop\air-racing\cpp\hackersnest\ubigame_flappbird\tmp\x64\debug\component.obj
c:\users\aritra kar\desktop\air-racing\cpp\hackersnest\ubigame_flappbird\tmp\x64\debug\ubigame.ilk
c:\users\aritra kar\desktop\air-racing\cpp\hackersnest\ubigame_flappbird\bin\x64\debug\ubigame.exe
c:\users\aritra kar\desktop\air-racing\cpp\hackersnest\ubigame_flappbird\bin\x64\debug\ubigame.pdb
c:\users\aritra kar\desktop\air-racing\cpp\hackersnest\ubigame_flappbird\tmp\x64\debug\ubigame.vcxproj.filelistabsolute.txt
c:\users\aritra kar\desktop\air-racing\cpp\hackersnest\ubigame_flappbird\tmp\x64\debug\ubigame.tlog\cl.command.1.tlog
c:\users\aritra kar\desktop\air-racing\cpp\hackersnest\ubigame_flappbird\tmp\x64\debug\ubigame.tlog\cl.read.1.tlog
c:\users\aritra kar\desktop\air-racing\cpp\hackersnest\ubigame_flappbird\tmp\x64\debug\ubigame.tlog\cl.write.1.tlog
c:\users\aritra kar\desktop\air-racing\cpp\hackersnest\ubigame_flappbird\tmp\x64\debug\ubigame.tlog\link.command.1.tlog
c:\users\aritra kar\desktop\air-racing\cpp\hackersnest\ubigame_flappbird\tmp\x64\debug\ubigame.tlog\link.read.1.tlog
c:\users\aritra kar\desktop\air-racing\cpp\hackersnest\ubigame_flappbird\tmp\x64\debug\ubigame.tlog\link.write.1.tlog
